# JRE version: Java(TM) SE Runtime Environment (8.0_231-b11) (build 1.8.0_231-b11)
# Java VM: Java HotSpot(TM) 64-Bit Server VM (25.231-b11 mixed mode windows-amd64 compressed oops)
Heap:
 PSYoungGen      total 122368K, used 82620K [0x00000000f5580000, 0x0000000100000000, 0x0000000100000000)
  eden space 109568K, 63% used [0x00000000f5580000,0x00000000f99b5b70,0x00000000fc080000)
  from space 12800K, 99% used [0x00000000fc080000,0x00000000fccf9540,0x00000000fcd00000)
  to   space 15360K, 0% used [0x00000000ff100000,0x00000000ff100000,0x0000000100000000)
 ParOldGen       total 175104K, used 18852K [0x00000000e0000000, 0x00000000eab00000, 0x00000000f5580000)
  object space 175104K, 10% used [0x00000000e0000000,0x00000000e12693c8,0x00000000eab00000)
 Metaspace       used 56559K, capacity 58118K, committed 58240K, reserved 1099776K
  class space    used 7747K, capacity 8205K, committed 8320K, reserved 1048576K
GC Heap History (10 events):
Event: 61.684 GC heap before
{Heap before GC invocations=7 (full 1):
 PSYoungGen      total 74752K, used 74296K [0x00000000f5580000, 0x00000000fad00000, 0x0000000100000000)
  eden space 64000K, 100% used [0x00000000f5580000,0x00000000f9400000,0x00000000f9400000)
  from space 10752K, 95% used [0x00000000f9580000,0x00000000f9f8e120,0x00000000fa000000)
  to   space 12800K, 0% used [0x00000000fa080000,0x00000000fa080000,0x00000000fad00000)
 ParOldGen       total 175104K, used 10693K [0x00000000e0000000, 0x00000000eab00000, 0x00000000f5580000)
  object space 175104K, 6% used [0x00000000e0000000,0x00000000e0a71448,0x00000000eab00000)
 Metaspace       used 34403K, capacity 35176K, committed 35328K, reserved 1079296K
  class space    used 4849K, capacity 5099K, committed 5120K, reserved 1048576K
Event: 61.700 GC heap after
Heap after GC invocations=7 (full 1):
 PSYoungGen      total 74752K, used 11340K [0x00000000f5580000, 0x00000000fac80000, 0x0000000100000000)
  eden space 62464K, 0% used [0x00000000f5580000,0x00000000f5580000,0x00000000f9280000)
  from space 12288K, 92% used [0x00000000fa080000,0x00000000fab93340,0x00000000fac80000)
  to   space 13312K, 0% used [0x00000000f9280000,0x00000000f9280000,0x00000000f9f80000)
 ParOldGen       total 175104K, used 10701K [0x00000000e0000000, 0x00000000eab00000, 0x00000000f5580000)
  object space 175104K, 6% used [0x00000000e0000000,0x00000000e0a73448,0x00000000eab00000)
 Metaspace       used 34403K, capacity 35176K, committed 35328K, reserved 1079296K
  class space    used 4849K, capacity 5099K, committed 5120K, reserved 1048576K
}
Event: 61.904 GC heap before
{Heap before GC invocations=8 (full 1):
 PSYoungGen      total 74752K, used 17587K [0x00000000f5580000, 0x00000000fac80000, 0x0000000100000000)
  eden space 62464K, 10% used [0x00000000f5580000,0x00000000f5b99a90,0x00000000f9280000)
  from space 12288K, 92% used [0x00000000fa080000,0x00000000fab93340,0x00000000fac80000)
  to   space 13312K, 0% used [0x00000000f9280000,0x00000000f9280000,0x00000000f9f80000)
 ParOldGen       total 175104K, used 10701K [0x00000000e0000000, 0x00000000eab00000, 0x00000000f5580000)
  object space 175104K, 6% used [0x00000000e0000000,0x00000000e0a73448,0x00000000eab00000)
 Metaspace       used 34582K, capacity 35382K, committed 35416K, reserved 1079296K
  class space    used 4874K, capacity 5112K, committed 5120K, reserved 1048576K
Event: 61.912 GC heap after
Heap after GC invocations=8 (full 1):
 PSYoungGen      total 75776K, used 8708K [0x00000000f5580000, 0x00000000fdc00000, 0x0000000100000000)
  eden space 62464K, 0% used [0x00000000f5580000,0x00000000f5580000,0x00000000f9280000)
  from space 13312K, 65% used [0x00000000f9280000,0x00000000f9b01270,0x00000000f9f80000)
  to   space 13312K, 0% used [0x00000000fcf00000,0x00000000fcf00000,0x00000000fdc00000)
 ParOldGen       total 175104K, used 10709K [0x00000000e0000000, 0x00000000eab00000, 0x00000000f5580000)
  object space 175104K, 6% used [0x00000000e0000000,0x00000000e0a75448,0x00000000eab00000)
 Metaspace       used 34582K, capacity 35382K, committed 35416K, reserved 1079296K
  class space    used 4874K, capacity 5112K, committed 5120K, reserved 1048576K
}
Event: 61.912 GC heap before
{Heap before GC invocations=9 (full 2):
 PSYoungGen      total 75776K, used 8708K [0x00000000f5580000, 0x00000000fdc00000, 0x0000000100000000)
  eden space 62464K, 0% used [0x00000000f5580000,0x00000000f5580000,0x00000000f9280000)
  from space 13312K, 65% used [0x00000000f9280000,0x00000000f9b01270,0x00000000f9f80000)
  to   space 13312K, 0% used [0x00000000fcf00000,0x00000000fcf00000,0x00000000fdc00000)
 ParOldGen       total 175104K, used 10709K [0x00000000e0000000, 0x00000000eab00000, 0x00000000f5580000)
  object space 175104K, 6% used [0x00000000e0000000,0x00000000e0a75448,0x00000000eab00000)
 Metaspace       used 34582K, capacity 35382K, committed 35416K, reserved 1079296K
  class space    used 4874K, capacity 5112K, committed 5120K, reserved 1048576K
Event: 61.995 GC heap after
Heap after GC invocations=9 (full 2):
 PSYoungGen      total 75776K, used 0K [0x00000000f5580000, 0x00000000fdc00000, 0x0000000100000000)
  eden space 62464K, 0% used [0x00000000f5580000,0x00000000f5580000,0x00000000f9280000)
  from space 13312K, 0% used [0x00000000f9280000,0x00000000f9280000,0x00000000f9f80000)
  to   space 13312K, 0% used [0x00000000fcf00000,0x00000000fcf00000,0x00000000fdc00000)
 ParOldGen       total 175104K, used 15545K [0x00000000e0000000, 0x00000000eab00000, 0x00000000f5580000)
  object space 175104K, 8% used [0x00000000e0000000,0x00000000e0f2e780,0x00000000eab00000)
 Metaspace       used 34564K, capacity 35322K, committed 35416K, reserved 1079296K
  class space    used 4869K, capacity 5102K, committed 5120K, reserved 1048576K
}
Event: 72.421 GC heap before
{Heap before GC invocations=10 (full 2):
 PSYoungGen      total 75776K, used 62464K [0x00000000f5580000, 0x00000000fdc00000, 0x0000000100000000)
  eden space 62464K, 100% used [0x00000000f5580000,0x00000000f9280000,0x00000000f9280000)
  from space 13312K, 0% used [0x00000000f9280000,0x00000000f9280000,0x00000000f9f80000)
  to   space 13312K, 0% used [0x00000000fcf00000,0x00000000fcf00000,0x00000000fdc00000)
 ParOldGen       total 175104K, used 15545K [0x00000000e0000000, 0x00000000eab00000, 0x00000000f5580000)
  object space 175104K, 8% used [0x00000000e0000000,0x00000000e0f2e780,0x00000000eab00000)
 Metaspace       used 41115K, capacity 42206K, committed 42496K, reserved 1085440K
  class space    used 5717K, capacity 6034K, committed 6144K, reserved 1048576K
Event: 72.436 GC heap after
Heap after GC invocations=10 (full 2):
 PSYoungGen      total 120320K, used 7578K [0x00000000f5580000, 0x00000000fd980000, 0x0000000100000000)
  eden space 109568K, 0% used [0x00000000f5580000,0x00000000f5580000,0x00000000fc080000)
  from space 10752K, 70% used [0x00000000fcf00000,0x00000000fd666940,0x00000000fd980000)
  to   space 12800K, 0% used [0x00000000fc080000,0x00000000fc080000,0x00000000fcd00000)
 ParOldGen       total 175104K, used 15553K [0x00000000e0000000, 0x00000000eab00000, 0x00000000f5580000)
  object space 175104K, 8% used [0x00000000e0000000,0x00000000e0f30780,0x00000000eab00000)
 Metaspace       used 41115K, capacity 42206K, committed 42496K, reserved 1085440K
  class space    used 5717K, capacity 6034K, committed 6144K, reserved 1048576K
}
Event: 81.454 GC heap before
{Heap before GC invocations=11 (full 2):
 PSYoungGen      total 120320K, used 117146K [0x00000000f5580000, 0x00000000fd980000, 0x0000000100000000)
  eden space 109568K, 100% used [0x00000000f5580000,0x00000000fc080000,0x00000000fc080000)
  from space 10752K, 70% used [0x00000000fcf00000,0x00000000fd666940,0x00000000fd980000)
  to   space 12800K, 0% used [0x00000000fc080000,0x00000000fc080000,0x00000000fcd00000)
 ParOldGen       total 175104K, used 15553K [0x00000000e0000000, 0x00000000eab00000, 0x00000000f5580000)
  object space 175104K, 8% used [0x00000000e0000000,0x00000000e0f30780,0x00000000eab00000)
 Metaspace       used 51321K, capacity 52706K, committed 53120K, reserved 1095680K
  class space    used 7052K, capacity 7449K, committed 7552K, reserved 1048576K
Event: 81.480 GC heap after
Heap after GC invocations=11 (full 2):
 PSYoungGen      total 122368K, used 12773K [0x00000000f5580000, 0x0000000100000000, 0x0000000100000000)
  eden space 109568K, 0% used [0x00000000f5580000,0x00000000f5580000,0x00000000fc080000)
  from space 12800K, 99% used [0x00000000fc080000,0x00000000fccf9540,0x00000000fcd00000)
  to   space 15360K, 0% used [0x00000000ff100000,0x00000000ff100000,0x0000000100000000)
 ParOldGen       total 175104K, used 18852K [0x00000000e0000000, 0x00000000eab00000, 0x00000000f5580000)
  object space 175104K, 10% used [0x00000000e0000000,0x00000000e12693c8,0x00000000eab00000)
 Metaspace       used 51321K, capacity 52706K, committed 53120K, reserved 1095680K
  class space    used 7052K, capacity 7449K, committed 7552K, reserved 1048576K
}

