# JRE version: Java(TM) SE Runtime Environment (8.0_231-b11) (build 1.8.0_231-b11)
# Java VM: Java HotSpot(TM) 64-Bit Server VM (25.231-b11 mixed mode windows-amd64 compressed oops)
Heap:
 PSYoungGen      total 75776K, used 3882K [0x00000000f5580000, 0x00000000fe780000, 0x0000000100000000)
  eden space 62464K, 6% used [0x00000000f5580000,0x00000000f594a9d8,0x00000000f9280000)
  from space 13312K, 0% used [0x00000000f9280000,0x00000000f9280000,0x00000000f9f80000)
  to   space 13312K, 0% used [0x00000000fda80000,0x00000000fda80000,0x00000000fe780000)
 ParOldGen       total 175104K, used 15399K [0x00000000e0000000, 0x00000000eab00000, 0x00000000f5580000)
  object space 175104K, 8% used [0x00000000e0000000,0x00000000e0f09f10,0x00000000eab00000)
 Metaspace       used 34476K, capacity 35322K, committed 35672K, reserved 1079296K
  class space    used 4868K, capacity 5102K, committed 5120K, reserved 1048576K
GC Heap History (10 events):
Event: 38.982 GC heap before
{Heap before GC invocations=5 (full 1):
 PSYoungGen      total 76288K, used 65536K [0x00000000f5580000, 0x00000000faa80000, 0x0000000100000000)
  eden space 65536K, 100% used [0x00000000f5580000,0x00000000f9580000,0x00000000f9580000)
  from space 10752K, 0% used [0x00000000f9580000,0x00000000f9580000,0x00000000fa000000)
  to   space 10752K, 0% used [0x00000000fa000000,0x00000000fa000000,0x00000000faa80000)
 ParOldGen       total 175104K, used 10810K [0x00000000e0000000, 0x00000000eab00000, 0x00000000f5580000)
  object space 175104K, 6% used [0x00000000e0000000,0x00000000e0a8eb90,0x00000000eab00000)
 Metaspace       used 27594K, capacity 28088K, committed 28288K, reserved 1073152K
  class space    used 3752K, capacity 3918K, committed 3968K, reserved 1048576K
Event: 38.991 GC heap after
Heap after GC invocations=5 (full 1):
 PSYoungGen      total 76288K, used 8099K [0x00000000f5580000, 0x00000000faa80000, 0x0000000100000000)
  eden space 65536K, 0% used [0x00000000f5580000,0x00000000f5580000,0x00000000f9580000)
  from space 10752K, 75% used [0x00000000fa000000,0x00000000fa7e8d20,0x00000000faa80000)
  to   space 10752K, 0% used [0x00000000f9580000,0x00000000f9580000,0x00000000fa000000)
 ParOldGen       total 175104K, used 10818K [0x00000000e0000000, 0x00000000eab00000, 0x00000000f5580000)
  object space 175104K, 6% used [0x00000000e0000000,0x00000000e0a90b90,0x00000000eab00000)
 Metaspace       used 27594K, capacity 28088K, committed 28288K, reserved 1073152K
  class space    used 3752K, capacity 3918K, committed 3968K, reserved 1048576K
}
Event: 40.305 GC heap before
{Heap before GC invocations=6 (full 1):
 PSYoungGen      total 76288K, used 73635K [0x00000000f5580000, 0x00000000faa80000, 0x0000000100000000)
  eden space 65536K, 100% used [0x00000000f5580000,0x00000000f9580000,0x00000000f9580000)
  from space 10752K, 75% used [0x00000000fa000000,0x00000000fa7e8d20,0x00000000faa80000)
  to   space 10752K, 0% used [0x00000000f9580000,0x00000000f9580000,0x00000000fa000000)
 ParOldGen       total 175104K, used 10818K [0x00000000e0000000, 0x00000000eab00000, 0x00000000f5580000)
  object space 175104K, 6% used [0x00000000e0000000,0x00000000e0a90b90,0x00000000eab00000)
 Metaspace       used 30998K, capacity 31620K, committed 32000K, reserved 1077248K
  class space    used 4330K, capacity 4539K, committed 4608K, reserved 1048576K
Event: 40.322 GC heap after
Heap after GC invocations=6 (full 1):
 PSYoungGen      total 74752K, used 10255K [0x00000000f5580000, 0x00000000fad00000, 0x0000000100000000)
  eden space 64000K, 0% used [0x00000000f5580000,0x00000000f5580000,0x00000000f9400000)
  from space 10752K, 95% used [0x00000000f9580000,0x00000000f9f83d88,0x00000000fa000000)
  to   space 12800K, 0% used [0x00000000fa080000,0x00000000fa080000,0x00000000fad00000)
 ParOldGen       total 175104K, used 10826K [0x00000000e0000000, 0x00000000eab00000, 0x00000000f5580000)
  object space 175104K, 6% used [0x00000000e0000000,0x00000000e0a92b90,0x00000000eab00000)
 Metaspace       used 30998K, capacity 31620K, committed 32000K, reserved 1077248K
  class space    used 4330K, capacity 4539K, committed 4608K, reserved 1048576K
}
Event: 42.448 GC heap before
{Heap before GC invocations=7 (full 1):
 PSYoungGen      total 74752K, used 74255K [0x00000000f5580000, 0x00000000fad00000, 0x0000000100000000)
  eden space 64000K, 100% used [0x00000000f5580000,0x00000000f9400000,0x00000000f9400000)
  from space 10752K, 95% used [0x00000000f9580000,0x00000000f9f83d88,0x00000000fa000000)
  to   space 12800K, 0% used [0x00000000fa080000,0x00000000fa080000,0x00000000fad00000)
 ParOldGen       total 175104K, used 10826K [0x00000000e0000000, 0x00000000eab00000, 0x00000000f5580000)
  object space 175104K, 6% used [0x00000000e0000000,0x00000000e0a92b90,0x00000000eab00000)
 Metaspace       used 34405K, capacity 35176K, committed 35328K, reserved 1079296K
  class space    used 4853K, capacity 5099K, committed 5120K, reserved 1048576K
Event: 42.462 GC heap after
Heap after GC invocations=7 (full 1):
 PSYoungGen      total 74752K, used 11306K [0x00000000f5580000, 0x00000000fac80000, 0x0000000100000000)
  eden space 62464K, 0% used [0x00000000f5580000,0x00000000f5580000,0x00000000f9280000)
  from space 12288K, 92% used [0x00000000fa080000,0x00000000fab8aab8,0x00000000fac80000)
  to   space 13312K, 0% used [0x00000000f9280000,0x00000000f9280000,0x00000000f9f80000)
 ParOldGen       total 175104K, used 10834K [0x00000000e0000000, 0x00000000eab00000, 0x00000000f5580000)
  object space 175104K, 6% used [0x00000000e0000000,0x00000000e0a94b90,0x00000000eab00000)
 Metaspace       used 34405K, capacity 35176K, committed 35328K, reserved 1079296K
  class space    used 4853K, capacity 5099K, committed 5120K, reserved 1048576K
}
Event: 42.488 GC heap before
{Heap before GC invocations=8 (full 1):
 PSYoungGen      total 74752K, used 14179K [0x00000000f5580000, 0x00000000fac80000, 0x0000000100000000)
  eden space 62464K, 4% used [0x00000000f5580000,0x00000000f584e220,0x00000000f9280000)
  from space 12288K, 92% used [0x00000000fa080000,0x00000000fab8aab8,0x00000000fac80000)
  to   space 13312K, 0% used [0x00000000f9280000,0x00000000f9280000,0x00000000f9f80000)
 ParOldGen       total 175104K, used 10834K [0x00000000e0000000, 0x00000000eab00000, 0x00000000f5580000)
  object space 175104K, 6% used [0x00000000e0000000,0x00000000e0a94b90,0x00000000eab00000)
 Metaspace       used 34479K, capacity 35354K, committed 35416K, reserved 1079296K
  class space    used 4870K, capacity 5118K, committed 5120K, reserved 1048576K
Event: 42.502 GC heap after
Heap after GC invocations=8 (full 1):
 PSYoungGen      total 75776K, used 8272K [0x00000000f5580000, 0x00000000fe780000, 0x0000000100000000)
  eden space 62464K, 0% used [0x00000000f5580000,0x00000000f5580000,0x00000000f9280000)
  from space 13312K, 62% used [0x00000000f9280000,0x00000000f9a94010,0x00000000f9f80000)
  to   space 13312K, 0% used [0x00000000fda80000,0x00000000fda80000,0x00000000fe780000)
 ParOldGen       total 175104K, used 10842K [0x00000000e0000000, 0x00000000eab00000, 0x00000000f5580000)
  object space 175104K, 6% used [0x00000000e0000000,0x00000000e0a96b90,0x00000000eab00000)
 Metaspace       used 34479K, capacity 35354K, committed 35416K, reserved 1079296K
  class space    used 4870K, capacity 5118K, committed 5120K, reserved 1048576K
}
Event: 42.502 GC heap before
{Heap before GC invocations=9 (full 2):
 PSYoungGen      total 75776K, used 8272K [0x00000000f5580000, 0x00000000fe780000, 0x0000000100000000)
  eden space 62464K, 0% used [0x00000000f5580000,0x00000000f5580000,0x00000000f9280000)
  from space 13312K, 62% used [0x00000000f9280000,0x00000000f9a94010,0x00000000f9f80000)
  to   space 13312K, 0% used [0x00000000fda80000,0x00000000fda80000,0x00000000fe780000)
 ParOldGen       total 175104K, used 10842K [0x00000000e0000000, 0x00000000eab00000, 0x00000000f5580000)
  object space 175104K, 6% used [0x00000000e0000000,0x00000000e0a96b90,0x00000000eab00000)
 Metaspace       used 34479K, capacity 35354K, committed 35416K, reserved 1079296K
  class space    used 4870K, capacity 5118K, committed 5120K, reserved 1048576K
Event: 42.592 GC heap after
Heap after GC invocations=9 (full 2):
 PSYoungGen      total 75776K, used 0K [0x00000000f5580000, 0x00000000fe780000, 0x0000000100000000)
  eden space 62464K, 0% used [0x00000000f5580000,0x00000000f5580000,0x00000000f9280000)
  from space 13312K, 0% used [0x00000000f9280000,0x00000000f9280000,0x00000000f9f80000)
  to   space 13312K, 0% used [0x00000000fda80000,0x00000000fda80000,0x00000000fe780000)
 ParOldGen       total 175104K, used 15399K [0x00000000e0000000, 0x00000000eab00000, 0x00000000f5580000)
  object space 175104K, 8% used [0x00000000e0000000,0x00000000e0f09f10,0x00000000eab00000)
 Metaspace       used 34450K, capacity 35258K, committed 35416K, reserved 1079296K
  class space    used 4861K, capacity 5102K, committed 5120K, reserved 1048576K
}

